This is pdfTeX, Version 3.14159265-2.6-1.40.21 (TeX Live 2020/Debian) (preloaded format=pdflatex 2022.9.6)  3 OCT 2022 07:45
entering extended mode
 restricted \write18 enabled.
 %&-line parsing enabled.
**main.tex
(./main.tex
LaTeX2e <2020-10-01> patch level 4
L3 programming layer <2021-01-09> xparse <2020-03-03>
(/usr/share/texlive/texmf-dist/tex/latex/base/article.cls
Document Class: article 2020/04/10 v1.4m Standard LaTeX document class
(/usr/share/texlive/texmf-dist/tex/latex/base/size10.clo
File: size10.clo 2020/04/10 v1.4m Standard LaTeX file (size option)
)
\c@part=\count177
\c@section=\count178
\c@subsection=\count179
\c@subsubsection=\count180
\c@paragraph=\count181
\c@subparagraph=\count182
\c@figure=\count183
\c@table=\count184
\abovecaptionskip=\skip47
\belowcaptionskip=\skip48
\bibindent=\dimen138
)
(/usr/share/texlive/texmf-dist/tex/latex/tools/longtable.sty
Package: longtable 2020/01/07 v4.13 Multi-page Table package (DPC)
\LTleft=\skip49
\LTright=\skip50
\LTpre=\skip51
\LTpost=\skip52
\LTchunksize=\count185
\LTcapwidth=\dimen139
\LT@head=\box47
\LT@firsthead=\box48
\LT@foot=\box49
\LT@lastfoot=\box50
\LT@cols=\count186
\LT@rows=\count187
\c@LT@tables=\count188
\c@LT@chunks=\count189
\LT@p@ftn=\toks15
)
(/usr/share/texlive/texmf-dist/tex/latex/l3backend/l3backend-pdftex.def
File: l3backend-pdftex.def 2020-01-29 L3 backend support: PDF output (pdfTeX)
\l__color_backend_stack_int=\count190
\l__pdf_internal_box=\box51
)
(./main.aux)
\openout1 = `main.aux'.

LaTeX Font Info:    Checking defaults for OML/cmm/m/it on input line 4.
LaTeX Font Info:    ... okay on input line 4.
LaTeX Font Info:    Checking defaults for OMS/cmsy/m/n on input line 4.
LaTeX Font Info:    ... okay on input line 4.
LaTeX Font Info:    Checking defaults for OT1/cmr/m/n on input line 4.
LaTeX Font Info:    ... okay on input line 4.
LaTeX Font Info:    Checking defaults for T1/cmr/m/n on input line 4.
LaTeX Font Info:    ... okay on input line 4.
LaTeX Font Info:    Checking defaults for TS1/cmr/m/n on input line 4.
LaTeX Font Info:    ... okay on input line 4.
LaTeX Font Info:    Checking defaults for OMX/cmex/m/n on input line 4.
LaTeX Font Info:    ... okay on input line 4.
LaTeX Font Info:    Checking defaults for U/cmr/m/n on input line 4.
LaTeX Font Info:    ... okay on input line 4.

Overfull \hbox (32.5519pt too wide) in alignment at lines 6--9
 [] [] [] 
 []


Overfull \hbox (32.5519pt too wide) in alignment at lines 9--13
 [] [] [] 
 []


Overfull \hbox (32.5519pt too wide) in alignment at lines 13--15
 [] [] [] 
 []


Overfull \hbox (32.5519pt too wide) in alignment at lines 15--17
 [] [] [] 
 []


Underfull \hbox (badness 4981) in paragraph at lines 24--24
\OT1/cmr/m/n/10 homogeneous strings of
 []


Underfull \hbox (badness 1033) in paragraph at lines 32--32
[]|\OT1/cmr/m/n/10 Remark to ``lo-cal de-fin-
 []


Underfull \hbox (badness 10000) in paragraph at lines 38--38
[]|\OT1/cmr/m/n/10 The num-ber of non-
 []


Underfull \hbox (badness 5681) in paragraph at lines 40--40
[]|\OT1/cmr/m/n/10 Every two el-e-men-tar-ily
 []


Underfull \hbox (badness 5862) in paragraph at lines 40--40
\OT1/cmr/m/n/10 equiv-a-lent mod-els have
 []


Underfull \hbox (badness 10000) in paragraph at lines 44--44
[]|\OT1/cmr/m/n/10 Arxiv. Michael T.
 []


Overfull \hbox (32.5519pt too wide) in alignment at lines 17--57
 [] [] [] 
 []


Underfull \hbox (badness 10000) in paragraph at lines 60--60
\OT1/cmr/m/n/10 un Pro-gra-mador con
 []


Underfull \hbox (badness 10000) in paragraph at lines 60--61
[]|\OT1/cmr/m/n/10 Allen Downey-Jeffrey
 []


Underfull \hbox (badness 5359) in paragraph at lines 74--74
\OT1/cmr/m/n/10 duc-tor lasers with-op-to-
 []


Underfull \hbox (badness 2012) in paragraph at lines 78--78
\OT1/cmr/m/n/10 tions at high bit rates
 []


Underfull \hbox (badness 4739) in paragraph at lines 78--78
\OT1/cmr/m/n/10 us-ing com-mer-cial fibre-
 []


Underfull \hbox (badness 2828) in paragraph at lines 78--79
\OT1/cmr/m/n/10 D. and Larger L. and
 []


Underfull \hbox (badness 10000) in paragraph at lines 78--79
\OT1/cmr/m/n/10 Annovazzi-Lodi V.and
 []


Underfull \hbox (badness 1048) in paragraph at lines 78--79
\OT1/cmr/m/n/10 Co-let P. and Fis-cher I.
 []


Underfull \hbox (badness 10000) in paragraph at lines 78--79
\OT1/cmr/m/n/10 and Garcia-Ojalvo J.
 []


Underfull \hbox (badness 4454) in paragraph at lines 78--79
\OT1/cmr/m/n/10 and Mi-ras-soC. R. and
 []


Underfull \hbox (badness 6412) in paragraph at lines 86--86
[]|\OT1/cmr/m/n/10 Nonlinear Dy-nam-ics in
 []


Underfull \hbox (badness 10000) in paragraph at lines 88--88
[]|\OT1/cmr/m/n/10 Delay-differential equa-
 []


Underfull \hbox (badness 10000) in paragraph at lines 88--88
\OT1/cmr/m/n/10 tion ver-sus 1D-map:
 []


Underfull \hbox (badness 10000) in paragraph at lines 88--88
\OT1/cmr/m/n/10 Ap-pli-ca-tion to chaos
 []


Overfull \hbox (32.5519pt too wide) in alignment at lines 57--97
 [] [] [] 
 []


Underfull \hbox (badness 4981) in paragraph at lines 102--102
\OT1/cmr/m/n/10 homogeneous strings of
 []


Underfull \hbox (badness 1033) in paragraph at lines 110--110
[]|\OT1/cmr/m/n/10 Remark to ``lo-cal de-fin-
 []


Underfull \hbox (badness 10000) in paragraph at lines 116--116
[]|\OT1/cmr/m/n/10 The num-ber of non-
 []


Underfull \hbox (badness 5681) in paragraph at lines 118--118
[]|\OT1/cmr/m/n/10 Every two el-e-men-tar-ily
 []


Underfull \hbox (badness 5862) in paragraph at lines 118--118
\OT1/cmr/m/n/10 equiv-a-lent mod-els have
 []


Underfull \hbox (badness 10000) in paragraph at lines 122--122
[]|\OT1/cmr/m/n/10 Arxiv. Michael T.
 []


Overfull \hbox (32.5519pt too wide) in alignment at lines 97--137
 [] [] [] 
 []

[1

{/var/lib/texmf/fonts/map/pdftex/updmap/pdftex.map}] [2]
Underfull \hbox (badness 10000) in paragraph at lines 138--138
\OT1/cmr/m/n/10 un Pro-gra-mador con
 []


Underfull \hbox (badness 10000) in paragraph at lines 138--139
[]|\OT1/cmr/m/n/10 Allen Downey-Jeffrey
 []


Underfull \hbox (badness 5359) in paragraph at lines 152--152
\OT1/cmr/m/n/10 duc-tor lasers with-op-to-
 []


Underfull \hbox (badness 2012) in paragraph at lines 156--156
\OT1/cmr/m/n/10 tions at high bit rates
 []


Underfull \hbox (badness 4739) in paragraph at lines 156--156
\OT1/cmr/m/n/10 us-ing com-mer-cial fibre-
 []


Underfull \hbox (badness 2828) in paragraph at lines 156--157
\OT1/cmr/m/n/10 D. and Larger L. and
 []


Underfull \hbox (badness 10000) in paragraph at lines 156--157
\OT1/cmr/m/n/10 Annovazzi-Lodi V.and
 []


Underfull \hbox (badness 1048) in paragraph at lines 156--157
\OT1/cmr/m/n/10 Co-let P. and Fis-cher I.
 []


Underfull \hbox (badness 10000) in paragraph at lines 156--157
\OT1/cmr/m/n/10 and Garcia-Ojalvo J.
 []


Underfull \hbox (badness 4454) in paragraph at lines 156--157
\OT1/cmr/m/n/10 and Mi-ras-soC. R. and
 []


Underfull \hbox (badness 6412) in paragraph at lines 164--164
[]|\OT1/cmr/m/n/10 Nonlinear Dy-nam-ics in
 []


Underfull \hbox (badness 10000) in paragraph at lines 166--166
[]|\OT1/cmr/m/n/10 Delay-differential equa-
 []


Underfull \hbox (badness 10000) in paragraph at lines 166--166
\OT1/cmr/m/n/10 tion ver-sus 1D-map:
 []


Underfull \hbox (badness 10000) in paragraph at lines 166--166
\OT1/cmr/m/n/10 Ap-pli-ca-tion to chaos
 []


Overfull \hbox (32.5519pt too wide) in alignment at lines 137--174
 [] [] [] 
 []

[3] [4] [5] (./main.aux) ) 
Here is how much of TeX's memory you used:
 510 strings out of 479304
 8669 string characters out of 5869780
 332105 words of memory out of 5000000
 17777 multiletter control sequences out of 15000+600000
 404073 words of font info for 29 fonts, out of 8000000 for 9000
 1141 hyphenation exceptions out of 8191
 44i,6n,50p,261b,203s stack positions out of 5000i,500n,10000p,200000b,80000s
{/usr/share/texmf/fonts/enc/dvips/cm-super/cm-super-t
s1.enc}</usr/share/texlive/texmf-dist/fonts/type1/public/amsfonts/cm/cmbx10.pfb
></usr/share/texlive/texmf-dist/fonts/type1/public/amsfonts/cm/cmr10.pfb></usr/
share/texmf/fonts/type1/public/cm-super/sfrm1000.pfb>
Output written on main.pdf (5 pages, 51024 bytes).
PDF statistics:
 33 PDF objects out of 1000 (max. 8388607)
 22 compressed objects within 1 object stream
 0 named destinations out of 1000 (max. 500000)
 1 words of extra memory for PDF output out of 10000 (max. 10000000)

