This is pdfTeX, Version 3.141592653-2.6-1.40.22 (TeX Live 2022/dev/Debian) (preloaded format=pdflatex 2022.9.9)  4 OCT 2022 08:58
entering extended mode
 restricted \write18 enabled.
 %&-line parsing enabled.
**main.tex
(./main.tex
LaTeX2e <2021-11-15> patch level 1
L3 programming layer <2022-01-21>
(/usr/share/texlive/texmf-dist/tex/latex/base/article.cls
Document Class: article 2021/10/04 v1.4n Standard LaTeX document class
(/usr/share/texlive/texmf-dist/tex/latex/base/size10.clo
File: size10.clo 2021/10/04 v1.4n Standard LaTeX file (size option)
)
\c@part=\count185
\c@section=\count186
\c@subsection=\count187
\c@subsubsection=\count188
\c@paragraph=\count189
\c@subparagraph=\count190
\c@figure=\count191
\c@table=\count192
\abovecaptionskip=\skip47
\belowcaptionskip=\skip48
\bibindent=\dimen138
)
(/usr/share/texlive/texmf-dist/tex/latex/tools/longtable.sty
Package: longtable 2021-09-01 v4.17 Multi-page Table package (DPC)
\LTleft=\skip49
\LTright=\skip50
\LTpre=\skip51
\LTpost=\skip52
\LTchunksize=\count193
\LTcapwidth=\dimen139
\LT@head=\box50
\LT@firsthead=\box51
\LT@foot=\box52
\LT@lastfoot=\box53
\LT@gbox=\box54
\LT@cols=\count194
\LT@rows=\count195
\c@LT@tables=\count196
\c@LT@chunks=\count197
\LT@p@ftn=\toks16
)
(/usr/share/texlive/texmf-dist/tex/latex/l3backend/l3backend-pdftex.def
File: l3backend-pdftex.def 2022-01-12 L3 backend support: PDF output (pdfTeX)
\l__color_backend_stack_int=\count198
\l__pdf_internal_box=\box55
)
(./main.aux)
\openout1 = `main.aux'.

LaTeX Font Info:    Checking defaults for OML/cmm/m/it on input line 4.
LaTeX Font Info:    ... okay on input line 4.
LaTeX Font Info:    Checking defaults for OMS/cmsy/m/n on input line 4.
LaTeX Font Info:    ... okay on input line 4.
LaTeX Font Info:    Checking defaults for OT1/cmr/m/n on input line 4.
LaTeX Font Info:    ... okay on input line 4.
LaTeX Font Info:    Checking defaults for T1/cmr/m/n on input line 4.
LaTeX Font Info:    ... okay on input line 4.
LaTeX Font Info:    Checking defaults for TS1/cmr/m/n on input line 4.
LaTeX Font Info:    ... okay on input line 4.
LaTeX Font Info:    Checking defaults for OMX/cmex/m/n on input line 4.
LaTeX Font Info:    ... okay on input line 4.
LaTeX Font Info:    Checking defaults for U/cmr/m/n on input line 4.
LaTeX Font Info:    ... okay on input line 4.

Overfull \hbox (32.5519pt too wide) in alignment at lines 6--9
 [] [] [] 
 []


Overfull \hbox (32.5519pt too wide) in alignment at lines 9--13
 [] [] [] 
 []


Overfull \hbox (32.5519pt too wide) in alignment at lines 13--15
 [] [] [] 
 []


Overfull \hbox (32.5519pt too wide) in alignment at lines 15--17
 [] [] [] 
 []


Underfull \hbox (badness 10000) in paragraph at lines 18--18
[]|\OT1/cmr/m/n/10 Distinctive Im-age Fea-
 []


Underfull \hbox (badness 4981) in paragraph at lines 24--24
\OT1/cmr/m/n/10 homogeneous strings of
 []


Underfull \hbox (badness 5908) in paragraph at lines 30--30
[]|\OT1/cmr/m/n/10 Two car-di-nal com-pact-
 []


Underfull \hbox (badness 1033) in paragraph at lines 32--32
[]|\OT1/cmr/m/n/10 Remark to ``lo-cal de-fin-
 []


Underfull \hbox (badness 10000) in paragraph at lines 38--38
[]|\OT1/cmr/m/n/10 The num-ber of non-
 []


Underfull \hbox (badness 10000) in paragraph at lines 38--38
\OT1/cmr/m/n/10 isomorphic mod-els of
 []


Underfull \hbox (badness 10000) in paragraph at lines 38--38
\OT1/cmr/m/n/10 an un-sta-ble first-order
 []


Underfull \hbox (badness 5681) in paragraph at lines 40--40
[]|\OT1/cmr/m/n/10 Every two el-e-men-tar-ily
 []


Underfull \hbox (badness 5862) in paragraph at lines 40--40
\OT1/cmr/m/n/10 equiv-a-lent mod-els have
 []


Underfull \hbox (badness 10000) in paragraph at lines 44--44
[]|\OT1/cmr/m/n/10 Arxiv. Michael T.
 []


Underfull \hbox (badness 10000) in paragraph at lines 60--60
\OT1/cmr/m/n/10 un Pro-gra-mador con
 []


Underfull \hbox (badness 10000) in paragraph at lines 60--61
[]|\OT1/cmr/m/n/10 Allen Downey-Jeffrey
 []


Underfull \hbox (badness 5359) in paragraph at lines 74--74
\OT1/cmr/m/n/10 duc-tor lasers with-op-to-
 []


Underfull \hbox (badness 2012) in paragraph at lines 78--78
\OT1/cmr/m/n/10 tions at high bit rates
 []


Underfull \hbox (badness 4739) in paragraph at lines 78--78
\OT1/cmr/m/n/10 us-ing com-mer-cial fibre-
 []


Underfull \hbox (badness 1515) in paragraph at lines 78--79
\OT1/cmr/m/n/10 D. and Larger, L. and
 []


Underfull \hbox (badness 10000) in paragraph at lines 78--79
\OT1/cmr/m/n/10 Annovazzi-Lodi, V.and
 []


Underfull \hbox (badness 4156) in paragraph at lines 78--79
\OT1/cmr/m/n/10 Co-let, P. and Fis-cher,
 []


Underfull \hbox (badness 2671) in paragraph at lines 78--79
\OT1/cmr/m/n/10 and Mi-rasso,C. R. and
 []


Underfull \hbox (badness 6412) in paragraph at lines 86--86
[]|\OT1/cmr/m/n/10 Nonlinear Dy-nam-ics in
 []


Underfull \hbox (badness 10000) in paragraph at lines 88--88
[]|\OT1/cmr/m/n/10 Delay-differential equa-
 []


Underfull \hbox (badness 10000) in paragraph at lines 88--88
\OT1/cmr/m/n/10 tion ver-sus 1D-map:
 []


Underfull \hbox (badness 10000) in paragraph at lines 88--88
\OT1/cmr/m/n/10 Ap-pli-ca-tion to chaos
 []


Underfull \hbox (badness 10000) in paragraph at lines 96--96
[]|\OT1/cmr/m/n/10 Distinctive Im-age Fea-
 []


Underfull \hbox (badness 4981) in paragraph at lines 102--102
\OT1/cmr/m/n/10 homogeneous strings of
 []


Underfull \hbox (badness 5908) in paragraph at lines 108--108
[]|\OT1/cmr/m/n/10 Two car-di-nal com-pact-
 []


Underfull \hbox (badness 1033) in paragraph at lines 110--110
[]|\OT1/cmr/m/n/10 Remark to ``lo-cal de-fin-
 []


Underfull \hbox (badness 10000) in paragraph at lines 116--116
[]|\OT1/cmr/m/n/10 The num-ber of non-
 []


Underfull \hbox (badness 10000) in paragraph at lines 116--116
\OT1/cmr/m/n/10 isomorphic mod-els of
 []


Underfull \hbox (badness 10000) in paragraph at lines 116--116
\OT1/cmr/m/n/10 an un-sta-ble first-order
 []


Underfull \hbox (badness 5681) in paragraph at lines 118--118
[]|\OT1/cmr/m/n/10 Every two el-e-men-tar-ily
 []


Underfull \hbox (badness 5862) in paragraph at lines 118--118
\OT1/cmr/m/n/10 equiv-a-lent mod-els have
 []


Underfull \hbox (badness 10000) in paragraph at lines 122--122
[]|\OT1/cmr/m/n/10 Arxiv. Michael T.
 []


Underfull \hbox (badness 10000) in paragraph at lines 138--138
\OT1/cmr/m/n/10 un Pro-gra-mador con
 []


Underfull \hbox (badness 10000) in paragraph at lines 138--139
[]|\OT1/cmr/m/n/10 Allen Downey-Jeffrey
 []


Underfull \hbox (badness 5359) in paragraph at lines 152--152
\OT1/cmr/m/n/10 duc-tor lasers with-op-to-
 []


Underfull \hbox (badness 2012) in paragraph at lines 156--156
\OT1/cmr/m/n/10 tions at high bit rates
 []


Underfull \hbox (badness 4739) in paragraph at lines 156--156
\OT1/cmr/m/n/10 us-ing com-mer-cial fibre-
 []


Underfull \hbox (badness 1515) in paragraph at lines 156--157
\OT1/cmr/m/n/10 D. and Larger, L. and
 []


Underfull \hbox (badness 10000) in paragraph at lines 156--157
\OT1/cmr/m/n/10 Annovazzi-Lodi, V.and
 []


Underfull \hbox (badness 4156) in paragraph at lines 156--157
\OT1/cmr/m/n/10 Co-let, P. and Fis-cher,
 []


Underfull \hbox (badness 2671) in paragraph at lines 156--157
\OT1/cmr/m/n/10 and Mi-rasso,C. R. and
 []


Underfull \hbox (badness 6412) in paragraph at lines 164--164
[]|\OT1/cmr/m/n/10 Nonlinear Dy-nam-ics in
 []


Underfull \hbox (badness 10000) in paragraph at lines 166--166
[]|\OT1/cmr/m/n/10 Delay-differential equa-
 []


Underfull \hbox (badness 10000) in paragraph at lines 166--166
\OT1/cmr/m/n/10 tion ver-sus 1D-map:
 []


Underfull \hbox (badness 10000) in paragraph at lines 166--166
\OT1/cmr/m/n/10 Ap-pli-ca-tion to chaos
 []


Overfull \hbox (32.5519pt too wide) in alignment at lines 17--174
 [] [] [] 
 []

[1

{/var/lib/texmf/fonts/map/pdftex/updmap/pdftex.map}] [2] [3] [4] [5]
(./main.aux) ) 
Here is how much of TeX's memory you used:
 517 strings out of 478287
 9038 string characters out of 5849290
 394099 words of memory out of 5000000
 18789 multiletter control sequences out of 15000+600000
 469902 words of font info for 30 fonts, out of 8000000 for 9000
 1141 hyphenation exceptions out of 8191
 34i,6n,38p,293b,209s stack positions out of 5000i,500n,10000p,200000b,80000s
{/usr/share/texmf/fonts/enc/dvips/cm-super/cm-super-ts1.enc}</usr
/share/texlive/texmf-dist/fonts/type1/public/amsfonts/cm/cmbx10.pfb></usr/share
/texlive/texmf-dist/fonts/type1/public/amsfonts/cm/cmr10.pfb></usr/share/texmf/
fonts/type1/public/cm-super/sfrm1000.pfb>
Output written on main.pdf (5 pages, 54084 bytes).
PDF statistics:
 36 PDF objects out of 1000 (max. 8388607)
 22 compressed objects within 1 object stream
 0 named destinations out of 1000 (max. 500000)
 1 words of extra memory for PDF output out of 10000 (max. 10000000)

